c:\users\lewis\desktop\ruby-cheats\ruby imgui\release\vc143.pdb
c:\users\lewis\desktop\ruby-cheats\ruby imgui\release\imgui_widgets.obj
c:\users\lewis\desktop\ruby-cheats\ruby imgui\release\imgui_tables.obj
c:\users\lewis\desktop\ruby-cheats\ruby imgui\release\imgui_impl_win32.obj
c:\users\lewis\desktop\ruby-cheats\ruby imgui\release\imgui_impl_dx9.obj
c:\users\lewis\desktop\ruby-cheats\ruby imgui\release\imgui_draw.obj
c:\users\lewis\desktop\ruby-cheats\ruby imgui\release\imgui_demo.obj
c:\users\lewis\desktop\ruby-cheats\ruby imgui\release\imgui.obj
c:\users\lewis\desktop\ruby-cheats\ruby imgui\release\main.obj
c:\users\lewis\desktop\ruby-cheats\ruby imgui\release\hacks.obj
c:\users\lewis\desktop\ruby-cheats\ruby imgui\release\gui.obj
c:\users\lewis\desktop\csdevving-main\ruby imgui\release\cheat-menu.ipdb
c:\users\lewis\desktop\csdevving-main\ruby imgui\release\cheat-menu.iobj
c:\users\lewis\desktop\ruby-cheats\ruby imgui\release\cheat-menu.ipdb
c:\users\lewis\desktop\ruby-cheats\ruby imgui\release\cheat-menu.iobj
c:\users\lewis\desktop\ruby-cheats\ruby imgui\release\cheat-menu.exe
c:\users\lewis\desktop\ruby-cheats\ruby imgui\release\cheat-menu.pdb
c:\users\lewis\desktop\ruby-cheats\ruby imgui\release\cheat-menu.tlog\cl.command.1.tlog
c:\users\lewis\desktop\ruby-cheats\ruby imgui\release\cheat-menu.tlog\cl.read.1.tlog
c:\users\lewis\desktop\ruby-cheats\ruby imgui\release\cheat-menu.tlog\cl.write.1.tlog
c:\users\lewis\desktop\ruby-cheats\ruby imgui\release\cheat-menu.tlog\link.command.1.tlog
c:\users\lewis\desktop\ruby-cheats\ruby imgui\release\cheat-menu.tlog\link.read.1.tlog
c:\users\lewis\desktop\ruby-cheats\ruby imgui\release\cheat-menu.tlog\link.write.1.tlog
c:\users\lewis\desktop\ruby-cheats\ruby imgui\release\cheat-menu.tlog\link.write.2u.tlog
